#
# A fatal error has been detected by the Java Runtime Environment:
#
#  SIGSEGV (0xb) at pc=0x0000000124dd43fd, pid=7401, tid=2571
#
# JRE version: Java(TM) SE Runtime Environment (8.0_25-b17) (build 1.8.0_25-b17)
# Java VM: Java HotSpot(TM) 64-Bit Server VM (25.25-b02 mixed mode bsd-amd64 compressed oops)
# Problematic frame:
# C  [libglass.dylib+0x163fd]  GlassScreenDidChangeScreenParameters+0x9d
#
# Failed to write core dump. Core dumps have been disabled. To enable core dumping, try "ulimit -c unlimited" before starting Java again
#
# If you would like to submit a bug report, please visit:
#   http://bugreport.sun.com/bugreport/crash.jsp
#

---------------  T H R E A D  ---------------

Current thread is native thread

siginfo: si_signo: 11 (SIGSEGV), si_code: 1 (SEGV_MAPERR), si_addr: 0x0000000000000000

Registers:
RAX=0x0000000124e06e40, RBX=0x0000000000000000, RCX=0x0000020000000303, RDX=0x00007f8ab45783c8
RSP=0x00007fff52215b80, RBP=0x00007fff52215b90, RSI=0x00007f8ab1e0afc8, RDI=0x0000000000000000
R8 =0x0000000000000040, R9 =0x00007fff7626e1e0, R10=0xffffffffffffffff, R11=0x0000000000000246
R12=0x00007f8ab4402cd0, R13=0x00007f8ab1d6f250, R14=0x00007f8ab1d6f310, R15=0x0000000000000000
RIP=0x0000000124dd43fd, EFLAGS=0x0000000000010202, ERR=0x0000000000000004
  TRAPNO=0x000000000000000e

Top of Stack: (sp=0x00007fff52215b80)
0x00007fff52215b80:   00007fff52215bd8 00007f8ab1d6f310
0x00007fff52215b90:   00007fff52215ba0 00007fff9352dbbc
0x00007fff52215ba0:   00007fff52215bc0 00007fff9352db4f
0x00007fff52215bb0:   0000000000000000 0000000000000000
0x00007fff52215bc0:   00007fff52215c30 00007fff9352dac7
0x00007fff52215bd0:   00007fff744f09d0 00007fff72a8c0a0
0x00007fff52215be0:   0000000042000000 00007fff9352db10
0x00007fff52215bf0:   00007fff75cb4720 00007f8ab1d6f250
0x00007fff52215c00:   00007f8ab4402cd0 00007fff522163d8
0x00007fff52215c10:   00007fff75de1780 00007fff522163d8
0x00007fff52215c20:   00007f8ab1d6f250 00007fff938ed9e2
0x00007fff52215c30:   00007fff52215c70 00007fff9352d832
0x00007fff52215c40:   00007fff52216250 0000000000000000
0x00007fff52215c50:   00007fff75de1780 00007fff522163d8
0x00007fff52215c60:   00007fff97f554c0 00007fff938ed9e2
0x00007fff52215c70:   00007fff52216380 00007fff934ea5e2
0x00007fff52215c80:   00007f8ab6a08700 0000000000000002
0x00007fff52215c90:   0000000000000000 00007f8ab1f0c610
0x00007fff52215ca0:   00007f8ab2004048 00007f8ab1d51b70
0x00007fff52215cb0:   0000000000000000 00007f8ab1d6f370
0x00007fff52215cc0:   0000000000000000 0000000000000000
0x00007fff52215cd0:   00007fff75cf1bc0 00007fff52216250
0x00007fff52215ce0:   0000000000000001 0000000000000100
0x00007fff52215cf0:   0000000000001300 00007fff52216150
0x00007fff52215d00:   0000000000000000 0000000000000100
0x00007fff52215d10:   4093300000000000 00007fff75de1780
0x00007fff52215d20:   0000000000000000 00007fff75cb5500
0x00007fff52215d30:   00007fff75de1780 0000000000000000
0x00007fff52215d40:   00007fff75cb5500 00007f8ab440cc10
0x00007fff52215d50:   00007f8ab6a08700 0000000000000002
0x00007fff52215d60:   0000000000000000 00007fff97f554c0
0x00007fff52215d70:   00007fff52215f30 00007fff8acd7584 

Instructions: (pc=0x0000000124dd43fd)
0x0000000124dd43dd:   89 df 4c 89 f1 41 ff 90 68 04 00 00 48 8d 05 58
0x0000000124dd43ed:   29 03 00 48 8b 30 48 8d 05 46 2a 03 00 48 8b 10
0x0000000124dd43fd:   48 8b 0b 30 c0 48 89 df ff 91 68 04 00 00 48 8b
0x0000000124dd440d:   03 48 89 df ff 50 78 48 85 c0 74 36 49 89 c6 48 

Register to memory mapping:

RAX=0x0000000124e06e40: jScreenNotifySettingsChanged+0 in /Library/Java/JavaVirtualMachines/jdk1.8.0_25.jdk/Contents/Home/jre/lib/libglass.dylib at 0x0000000124dbe000
RBX=0x0000000000000000 is an unknown value
RCX=0x0000020000000303 is an unknown value
RDX=0x00007f8ab45783c8 is an unknown value
RSP=0x00007fff52215b80 is an unknown value
RBP=0x00007fff52215b90 is an unknown value
RSI=0x00007f8ab1e0afc8 is a global jni handle
RDI=0x0000000000000000 is an unknown value
R8 =0x0000000000000040 is an unknown value
R9 =0x00007fff7626e1e0: __sFX+0x1c0 in /usr/lib/system/libsystem_c.dylib at 0x00007fff954c6000
R10=0xffffffffffffffff is an unknown value
R11=0x0000000000000246 is an unknown value
R12=0x00007f8ab4402cd0 is an unknown value
R13=0x00007f8ab1d6f250 is an unknown value
R14=0x00007f8ab1d6f310 is an unknown value
R15=0x0000000000000000 is an unknown value


Stack: [0x00007fff51a19000,0x00007fff52219000],  sp=0x00007fff52215b80,  free space=8178k
Native frames: (J=compiled Java code, j=interpreted, Vv=VM code, C=native code)
C  [libglass.dylib+0x163fd]  GlassScreenDidChangeScreenParameters+0x9d
C  [CoreFoundation+0xa0bbc]  __CFNOTIFICATIONCENTER_IS_CALLING_OUT_TO_AN_OBSERVER__+0xc
C  [CoreFoundation+0xa0b4f]  ___CFXRegistrationPost_block_invoke+0x3f
C  [CoreFoundation+0xa0ac7]  _CFXRegistrationPost+0x197
C  [CoreFoundation+0xa0832]  ___CFXNotificationPost_block_invoke+0x32
C  [CoreFoundation+0x5d5e2]  -[_CFXNotificationRegistrar find:object:observer:enumerator:]+0x782
C  [CoreFoundation+0x5c835]  _CFXNotificationPost+0x2b5
C  [Foundation+0x6fda]  -[NSNotificationCenter postNotificationName:object:userInfo:]+0x42
C  [AppKit+0x41c157]  -[NSApplication _reactToScreenInvalidationImmediately:]+0x17f
C  [AppKit+0x41bfa8]  __44-[NSApplication _reactToScreenInvalidation:]_block_invoke+0x3b
C  [CoreFoundation+0xaa4ac]  __CFRUNLOOP_IS_CALLING_OUT_TO_A_BLOCK__+0xc
C  [CoreFoundation+0x89d05]  __CFRunLoopDoBlocks+0x155
C  [CoreFoundation+0x89a6b]  __CFRunLoopRun+0x92b
C  [CoreFoundation+0x88ed8]  CFRunLoopRunSpecific+0x128
C  [java+0x56cc]  CreateExecutionEnvironment+0x367
C  [java+0x165c]  JLI_Launch+0x7a0
C  [java+0x768a]  main+0x65
C  [java+0xeb4]  start+0x34


---------------  P R O C E S S  ---------------

VM state:at safepoint (normal execution)

VM Mutex/Monitor currently owned by a thread:  ([mutex/lock_event])
[0x00007f8ab1e03a40] Threads_lock - owner thread: 0x00007f8ab3012800
[0x00007f8ab1e03f40] Heap_lock - owner thread: 0x00007f8ab3801800

Heap:
 PSYoungGen      total 18944K, used 4282K [0x00000007aab00000, 0x00000007ac000000, 0x00000007c0000000)
  eden space 16384K, 10% used [0x00000007aab00000,0x00000007aacb6948,0x00000007abb00000)
  from space 2560K, 98% used [0x00000007abd80000,0x00000007abff81a0,0x00000007ac000000)
  to   space 2560K, 0% used [0x00000007abb00000,0x00000007abb00000,0x00000007abd80000)
 ParOldGen       total 44032K, used 8855K [0x0000000780000000, 0x0000000782b00000, 0x00000007aab00000)
  object space 44032K, 20% used [0x0000000780000000,0x00000007808a5d90,0x0000000782b00000)
 Metaspace       used 12432K, capacity 12920K, committed 13184K, reserved 1060864K
  class space    used 1735K, capacity 1886K, committed 1920K, reserved 1048576K

Card table byte_map: [0x000000011e7c0000,0x000000011e9c1000] byte_map_base: 0x000000011abc0000

Marking Bits: (ParMarkBitMap*) 0x000000010e4ff390
 Begin Bits: [0x000000011eb17000, 0x000000011fb17000)
 End Bits:   [0x000000011fb17000, 0x0000000120b17000)

Polling page: 0x000000010ebc0000

CodeCache: size=245760Kb used=4056Kb max_used=4056Kb free=241703Kb
 bounds [0x000000010f400000, 0x000000010f800000, 0x000000011e400000]
 total_blobs=1863 nmethods=1254 adapters=523
 compilation: enabled

Compilation events (10 events):
Event: 53.120 Thread 0x00007f8ab2828000 nmethod 1250 0x000000010f7f40d0 code [0x000000010f7f4260, 0x000000010f7f4748]
Event: 53.123 Thread 0x00007f8ab2828000 1251       1       com.sun.glass.ui.InvokeLaterDispatcher::access$000 (5 bytes)
Event: 53.123 Thread 0x00007f8ab2828000 nmethod 1251 0x000000010f7f4950 code [0x000000010f7f4aa0, 0x000000010f7f4b90]
Event: 53.123 Thread 0x00007f8ab2828000 1253       3       java.lang.invoke.MethodHandleNatives::canBeCalledVirtual (132 bytes)
Event: 53.124 Thread 0x00007f8ab2828000 nmethod 1253 0x000000010f7f4c10 code [0x000000010f7f4e00, 0x000000010f7f5738]
Event: 53.124 Thread 0x00007f8ab2828000 1252       1       com.sun.glass.ui.InvokeLaterDispatcher$Future::isDone (5 bytes)
Event: 53.124 Thread 0x00007f8ab2828000 nmethod 1252 0x000000010f7f5990 code [0x000000010f7f5ae0, 0x000000010f7f5bf0]
Event: 53.125 Thread 0x00007f8ab2828000 1255       3       sun.invoke.util.BytecodeDescriptor::unparseMethod (68 bytes)
Event: 53.126 Thread 0x00007f8ab2828000 nmethod 1255 0x000000010f7f5fd0 code [0x000000010f7f6220, 0x000000010f7f70f8]
Event: 53.126 Thread 0x00007f8ab2828000 1257       3       jdk.internal.org.objectweb.asm.MethodWriter::visitMaxs (1159 bytes)

GC Heap History (4 events):
Event: 0.744 GC heap before
{Heap before GC invocations=1 (full 0):
 PSYoungGen      total 18944K, used 16384K [0x00000007aab00000, 0x00000007ac000000, 0x00000007c0000000)
  eden space 16384K, 100% used [0x00000007aab00000,0x00000007abb00000,0x00000007abb00000)
  from space 2560K, 0% used [0x00000007abd80000,0x00000007abd80000,0x00000007ac000000)
  to   space 2560K, 0% used [0x00000007abb00000,0x00000007abb00000,0x00000007abd80000)
 ParOldGen       total 44032K, used 0K [0x0000000780000000, 0x0000000782b00000, 0x00000007aab00000)
  object space 44032K, 0% used [0x0000000780000000,0x0000000780000000,0x0000000782b00000)
 Metaspace       used 9042K, capacity 9544K, committed 9856K, reserved 1058816K
  class space    used 1224K, capacity 1340K, committed 1408K, reserved 1048576K
Event: 0.750 GC heap after
Heap after GC invocations=1 (full 0):
 PSYoungGen      total 18944K, used 2528K [0x00000007aab00000, 0x00000007ac000000, 0x00000007c0000000)
  eden space 16384K, 0% used [0x00000007aab00000,0x00000007aab00000,0x00000007abb00000)
  from space 2560K, 98% used [0x00000007abb00000,0x00000007abd78020,0x00000007abd80000)
  to   space 2560K, 0% used [0x00000007abd80000,0x00000007abd80000,0x00000007ac000000)
 ParOldGen       total 44032K, used 72K [0x0000000780000000, 0x0000000782b00000, 0x00000007aab00000)
  object space 44032K, 0% used [0x0000000780000000,0x0000000780012000,0x0000000782b00000)
 Metaspace       used 9042K, capacity 9544K, committed 9856K, reserved 1058816K
  class space    used 1224K, capacity 1340K, committed 1408K, reserved 1048576K
}
Event: 15.428 GC heap before
{Heap before GC invocations=2 (full 0):
 PSYoungGen      total 18944K, used 18912K [0x00000007aab00000, 0x00000007ac000000, 0x00000007c0000000)
  eden space 16384K, 100% used [0x00000007aab00000,0x00000007abb00000,0x00000007abb00000)
  from space 2560K, 98% used [0x00000007abb00000,0x00000007abd78020,0x00000007abd80000)
  to   space 2560K, 0% used [0x00000007abd80000,0x00000007abd80000,0x00000007ac000000)
 ParOldGen       total 44032K, used 72K [0x0000000780000000, 0x0000000782b00000, 0x00000007aab00000)
  object space 44032K, 0% used [0x0000000780000000,0x0000000780012000,0x0000000782b00000)
 Metaspace       used 12362K, capacity 12890K, committed 13184K, reserved 1060864K
  class space    used 1727K, capacity 1879K, committed 1920K, reserved 1048576K
Event: 15.437 GC heap after
Heap after GC invocations=2 (full 0):
 PSYoungGen      total 18944K, used 2528K [0x00000007aab00000, 0x00000007ac000000, 0x00000007c0000000)
  eden space 16384K, 0% used [0x00000007aab00000,0x00000007aab00000,0x00000007abb00000)
  from space 2560K, 98% used [0x00000007abd80000,0x00000007abff81a0,0x00000007ac000000)
  to   space 2560K, 0% used [0x00000007abb00000,0x00000007abb00000,0x00000007abd80000)
 ParOldGen       total 44032K, used 8855K [0x0000000780000000, 0x0000000782b00000, 0x00000007aab00000)
  object space 44032K, 20% used [0x0000000780000000,0x00000007808a5d90,0x0000000782b00000)
 Metaspace       used 12362K, capacity 12890K, committed 13184K, reserved 1060864K
  class space    used 1727K, capacity 1879K, committed 1920K, reserved 1048576K
}

Deoptimization events (10 events):
Event: 0.980 Thread 0x00007f8ab28e4800 Uncommon trap: reason=class_check action=maybe_recompile pc=0x000000010f666650 method=java.io.DataInputStream.readShort()S @ 4
Event: 0.988 Thread 0x00007f8ab28e4800 Uncommon trap: reason=class_check action=maybe_recompile pc=0x000000010f523f1c method=java.lang.String.equals(Ljava/lang/Object;)Z @ 8
Event: 0.988 Thread 0x00007f8ab28e4800 Uncommon trap: reason=class_check action=maybe_recompile pc=0x000000010f523f1c method=java.lang.String.equals(Ljava/lang/Object;)Z @ 8
Event: 0.988 Thread 0x00007f8ab28e4800 Uncommon trap: reason=class_check action=maybe_recompile pc=0x000000010f523f1c method=java.lang.String.equals(Ljava/lang/Object;)Z @ 8
Event: 0.991 Thread 0x00007f8ab28e4800 Uncommon trap: reason=class_check action=maybe_recompile pc=0x000000010f523f1c method=java.lang.String.equals(Ljava/lang/Object;)Z @ 8
Event: 1.267 Thread 0x00007f8ab28e4800 Uncommon trap: reason=unloaded action=reinterpret pc=0x000000010f637c18 method=java.lang.CharacterData.of(I)Ljava/lang/CharacterData; @ 96
Event: 4.194 Thread 0x00007f8ab28e4800 Uncommon trap: reason=class_check action=maybe_recompile pc=0x000000010f6ff814 method=java.io.FilterInputStream.read()I @ 4
Event: 4.194 Thread 0x00007f8ab28e4800 Uncommon trap: reason=class_check action=maybe_recompile pc=0x000000010f6ff814 method=java.io.FilterInputStream.read()I @ 4
Event: 4.194 Thread 0x00007f8ab28e4800 Uncommon trap: reason=class_check action=maybe_recompile pc=0x000000010f6ff814 method=java.io.FilterInputStream.read()I @ 4
Event: 4.194 Thread 0x00007f8ab28e4800 Uncommon trap: reason=class_check action=maybe_recompile pc=0x000000010f6ff814 method=java.io.FilterInputStream.read()I @ 4

Internal exceptions (10 events):
Event: 0.723 Thread 0x00007f8ab28e4800 Exception <a 'java/security/PrivilegedActionException'> (0x00000007aba9c110) thrown at [/HUDSON3/workspace/8-2-build-macosx-x86_64/jdk8u25/1514/hotspot/src/share/vm/prims/jvm.cpp, line 1312]
Event: 0.724 Thread 0x00007f8ab28e4800 Exception <a 'java/security/PrivilegedActionException'> (0x00000007abaa2f80) thrown at [/HUDSON3/workspace/8-2-build-macosx-x86_64/jdk8u25/1514/hotspot/src/share/vm/prims/jvm.cpp, line 1312]
Event: 0.725 Thread 0x00007f8ab28e4800 Exception <a 'java/security/PrivilegedActionException'> (0x00000007abaa78e8) thrown at [/HUDSON3/workspace/8-2-build-macosx-x86_64/jdk8u25/1514/hotspot/src/share/vm/prims/jvm.cpp, line 1312]
Event: 0.726 Thread 0x00007f8ab28e4800 Exception <a 'java/security/PrivilegedActionException'> (0x00000007abaaa640) thrown at [/HUDSON3/workspace/8-2-build-macosx-x86_64/jdk8u25/1514/hotspot/src/share/vm/prims/jvm.cpp, line 1312]
Event: 0.727 Thread 0x00007f8ab28e4800 Exception <a 'java/security/PrivilegedActionException'> (0x00000007abaad818) thrown at [/HUDSON3/workspace/8-2-build-macosx-x86_64/jdk8u25/1514/hotspot/src/share/vm/prims/jvm.cpp, line 1312]
Event: 0.793 Thread 0x00007f8ab28e4800 Implicit null exception at 0x000000010f67e075 to 0x000000010f67e279
Event: 0.833 Thread 0x00007f8ab28e4800 Exception <a 'java/security/PrivilegedActionException'> (0x00000007aad30b28) thrown at [/HUDSON3/workspace/8-2-build-macosx-x86_64/jdk8u25/1514/hotspot/src/share/vm/prims/jvm.cpp, line 1312]
Event: 0.903 Thread 0x00007f8ab28e4800 Exception <a 'java/security/PrivilegedActionException'> (0x00000007aaf9ed48) thrown at [/HUDSON3/workspace/8-2-build-macosx-x86_64/jdk8u25/1514/hotspot/src/share/vm/prims/jvm.cpp, line 1312]
Event: 0.906 Thread 0x00007f8ab28e4800 Exception <a 'java/security/PrivilegedActionException'> (0x00000007aafb41a0) thrown at [/HUDSON3/workspace/8-2-build-macosx-x86_64/jdk8u25/1514/hotspot/src/share/vm/prims/jvm.cpp, line 1312]
Event: 0.908 Thread 0x00007f8ab28e4800 Exception <a 'java/security/PrivilegedActionException'> (0x00000007aafd3d90) thrown at [/HUDSON3/workspace/8-2-build-macosx-x86_64/jdk8u25/1514/hotspot/src/share/vm/prims/jvm.cpp, line 1312]

Events (10 events):
Event: 53.126 Thread 0x00007f8ab28e4800 Thread exited: 0x00007f8ab28e4800
Event: 53.126 Thread 0x00007f8ab3801800 Thread exited: 0x00007f8ab3801800
Event: 53.126 Thread 0x00007f8ab3801800 Thread added: 0x00007f8ab3801800
Event: 53.126 loading class java/util/IdentityHashMap$KeySet
Event: 53.126 loading class java/util/IdentityHashMap$KeySet done
Event: 53.126 loading class java/util/IdentityHashMap$KeyIterator
Event: 53.126 loading class java/util/IdentityHashMap$IdentityHashMapIterator
Event: 53.126 loading class java/util/IdentityHashMap$IdentityHashMapIterator done
Event: 53.126 loading class java/util/IdentityHashMap$KeyIterator done
Event: 53.127 Thread 0x00007f8ab3801800 Thread exited: 0x00007f8ab3801800


Dynamic libraries:
0x0000000002751000 	/System/Library/Frameworks/Cocoa.framework/Versions/A/Cocoa
0x0000000002751000 	/System/Library/Frameworks/Security.framework/Versions/A/Security
0x0000000002751000 	/System/Library/Frameworks/ApplicationServices.framework/Versions/A/ApplicationServices
0x0000000002751000 	/usr/lib/libz.1.dylib
0x0000000002751000 	/usr/lib/libSystem.B.dylib
0x0000000002751000 	/usr/lib/libobjc.A.dylib
0x0000000002751000 	/System/Library/Frameworks/CoreFoundation.framework/Versions/A/CoreFoundation
0x0000000002751000 	/System/Library/Frameworks/Foundation.framework/Versions/C/Foundation
0x0000000002751000 	/System/Library/Frameworks/AppKit.framework/Versions/C/AppKit
0x0000000002751000 	/System/Library/Frameworks/CoreData.framework/Versions/A/CoreData
0x0000000002751000 	/System/Library/PrivateFrameworks/RemoteViewServices.framework/Versions/A/RemoteViewServices
0x0000000002751000 	/System/Library/PrivateFrameworks/UIFoundation.framework/Versions/A/UIFoundation
0x0000000002751000 	/usr/lib/libScreenReader.dylib
0x0000000002751000 	/System/Library/Frameworks/Accelerate.framework/Versions/A/Accelerate
0x0000000002751000 	/System/Library/Frameworks/IOSurface.framework/Versions/A/IOSurface
0x0000000002751000 	/System/Library/Frameworks/AudioToolbox.framework/Versions/A/AudioToolbox
0x0000000002751000 	/System/Library/Frameworks/AudioUnit.framework/Versions/A/AudioUnit
0x0000000002751000 	/System/Library/PrivateFrameworks/DataDetectorsCore.framework/Versions/A/DataDetectorsCore
0x0000000002751000 	/System/Library/PrivateFrameworks/DesktopServicesPriv.framework/Versions/A/DesktopServicesPriv
0x0000000002751000 	/System/Library/Frameworks/Carbon.framework/Versions/A/Frameworks/HIToolbox.framework/Versions/A/HIToolbox
0x0000000002751000 	/System/Library/Frameworks/QuartzCore.framework/Versions/A/QuartzCore
0x0000000002751000 	/System/Library/Frameworks/Carbon.framework/Versions/A/Frameworks/SpeechRecognition.framework/Versions/A/SpeechRecognition
0x0000000002751000 	/usr/lib/libauto.dylib
0x0000000002751000 	/usr/lib/libicucore.A.dylib
0x0000000002751000 	/usr/lib/libxml2.2.dylib
0x0000000002751000 	/System/Library/PrivateFrameworks/CoreUI.framework/Versions/A/CoreUI
0x0000000002751000 	/System/Library/Frameworks/CoreAudio.framework/Versions/A/CoreAudio
0x0000000002751000 	/System/Library/Frameworks/DiskArbitration.framework/Versions/A/DiskArbitration
0x0000000002751000 	/usr/lib/liblangid.dylib
0x0000000002751000 	/System/Library/PrivateFrameworks/MultitouchSupport.framework/Versions/A/MultitouchSupport
0x0000000002751000 	/System/Library/Frameworks/IOKit.framework/Versions/A/IOKit
0x0000000002751000 	/usr/lib/libDiagnosticMessagesClient.dylib
0x0000000002751000 	/System/Library/Frameworks/CoreServices.framework/Versions/A/CoreServices
0x0000000002751000 	/System/Library/PrivateFrameworks/PerformanceAnalysis.framework/Versions/A/PerformanceAnalysis
0x0000000002751000 	/System/Library/PrivateFrameworks/GenerationalStorage.framework/Versions/A/GenerationalStorage
0x0000000002751000 	/System/Library/Frameworks/OpenGL.framework/Versions/A/OpenGL
0x0000000002751000 	/System/Library/PrivateFrameworks/Sharing.framework/Versions/A/Sharing
0x0000000002751000 	/System/Library/Frameworks/CoreGraphics.framework/Versions/A/CoreGraphics
0x0000000002751000 	/System/Library/Frameworks/CoreImage.framework/Versions/A/CoreImage
0x0000000002751000 	/System/Library/Frameworks/CoreText.framework/Versions/A/CoreText
0x0000000002751000 	/System/Library/Frameworks/ImageIO.framework/Versions/A/ImageIO
0x0000000002751000 	/System/Library/PrivateFrameworks/Backup.framework/Versions/A/Backup
0x0000000002751000 	/usr/lib/libextension.dylib
0x0000000002751000 	/usr/lib/libarchive.2.dylib
0x0000000002751000 	/System/Library/Frameworks/CFNetwork.framework/Versions/A/CFNetwork
0x0000000002751000 	/System/Library/Frameworks/SystemConfiguration.framework/Versions/A/SystemConfiguration
0x0000000002751000 	/usr/lib/libCRFSuite.dylib
0x0000000002751000 	/usr/lib/libc++.1.dylib
0x0000000002751000 	/usr/lib/libc++abi.dylib
0x0000000002751000 	/usr/lib/system/libcache.dylib
0x0000000002751000 	/usr/lib/system/libcommonCrypto.dylib
0x0000000002751000 	/usr/lib/system/libcompiler_rt.dylib
0x0000000002751000 	/usr/lib/system/libcopyfile.dylib
0x0000000002751000 	/usr/lib/system/libcorecrypto.dylib
0x0000000002751000 	/usr/lib/system/libdispatch.dylib
0x0000000002751000 	/usr/lib/system/libdyld.dylib
0x0000000002751000 	/usr/lib/system/libkeymgr.dylib
0x0000000002751000 	/usr/lib/system/liblaunch.dylib
0x0000000002751000 	/usr/lib/system/libmacho.dylib
0x0000000002751000 	/usr/lib/system/libquarantine.dylib
0x0000000002751000 	/usr/lib/system/libremovefile.dylib
0x0000000002751000 	/usr/lib/system/libsystem_asl.dylib
0x0000000002751000 	/usr/lib/system/libsystem_blocks.dylib
0x0000000002751000 	/usr/lib/system/libsystem_c.dylib
0x0000000002751000 	/usr/lib/system/libsystem_configuration.dylib
0x0000000002751000 	/usr/lib/system/libsystem_coreservices.dylib
0x0000000002751000 	/usr/lib/system/libsystem_coretls.dylib
0x0000000002751000 	/usr/lib/system/libsystem_dnssd.dylib
0x0000000002751000 	/usr/lib/system/libsystem_info.dylib
0x0000000002751000 	/usr/lib/system/libsystem_kernel.dylib
0x0000000002751000 	/usr/lib/system/libsystem_m.dylib
0x0000000002751000 	/usr/lib/system/libsystem_malloc.dylib
0x0000000002751000 	/usr/lib/system/libsystem_network.dylib
0x0000000002751000 	/usr/lib/system/libsystem_networkextension.dylib
0x0000000002751000 	/usr/lib/system/libsystem_notify.dylib
0x0000000002751000 	/usr/lib/system/libsystem_platform.dylib
0x0000000002751000 	/usr/lib/system/libsystem_pthread.dylib
0x0000000002751000 	/usr/lib/system/libsystem_sandbox.dylib
0x0000000002751000 	/usr/lib/system/libsystem_secinit.dylib
0x0000000002751000 	/usr/lib/system/libsystem_trace.dylib
0x0000000002751000 	/usr/lib/system/libunc.dylib
0x0000000002751000 	/usr/lib/system/libunwind.dylib
0x0000000002751000 	/usr/lib/system/libxpc.dylib
0x0000000002751000 	/usr/lib/libenergytrace.dylib
0x0000000002751000 	/usr/lib/libbsm.0.dylib
0x0000000002751000 	/usr/lib/system/libkxld.dylib
0x0000000002751000 	/usr/lib/libxar.1.dylib
0x0000000002751000 	/usr/lib/libsqlite3.dylib
0x0000000002751000 	/usr/lib/libpam.2.dylib
0x0000000002751000 	/usr/lib/libOpenScriptingUtil.dylib
0x0000000002751000 	/usr/lib/libbz2.1.0.dylib
0x0000000002751000 	/usr/lib/liblzma.5.dylib
0x0000000002751000 	/System/Library/Frameworks/CoreServices.framework/Versions/A/Frameworks/FSEvents.framework/Versions/A/FSEvents
0x0000000002751000 	/System/Library/Frameworks/CoreServices.framework/Versions/A/Frameworks/CarbonCore.framework/Versions/A/CarbonCore
0x0000000002751000 	/System/Library/Frameworks/CoreServices.framework/Versions/A/Frameworks/Metadata.framework/Versions/A/Metadata
0x0000000002751000 	/System/Library/Frameworks/CoreServices.framework/Versions/A/Frameworks/OSServices.framework/Versions/A/OSServices
0x0000000002751000 	/System/Library/Frameworks/CoreServices.framework/Versions/A/Frameworks/SearchKit.framework/Versions/A/SearchKit
0x0000000002751000 	/System/Library/Frameworks/CoreServices.framework/Versions/A/Frameworks/AE.framework/Versions/A/AE
0x0000000002751000 	/System/Library/Frameworks/CoreServices.framework/Versions/A/Frameworks/LaunchServices.framework/Versions/A/LaunchServices
0x0000000002751000 	/System/Library/Frameworks/CoreServices.framework/Versions/A/Frameworks/DictionaryServices.framework/Versions/A/DictionaryServices
0x0000000002751000 	/System/Library/Frameworks/CoreServices.framework/Versions/A/Frameworks/SharedFileList.framework/Versions/A/SharedFileList
0x0000000002751000 	/System/Library/Frameworks/NetFS.framework/Versions/A/NetFS
0x0000000002751000 	/System/Library/PrivateFrameworks/NetAuth.framework/Versions/A/NetAuth
0x0000000002751000 	/System/Library/PrivateFrameworks/login.framework/Versions/A/Frameworks/loginsupport.framework/Versions/A/loginsupport
0x0000000002751000 	/System/Library/PrivateFrameworks/TCC.framework/Versions/A/TCC
0x0000000002751000 	/usr/lib/libmecabra.dylib
0x0000000002751000 	/System/Library/Frameworks/ApplicationServices.framework/Versions/A/Frameworks/ATS.framework/Versions/A/ATS
0x0000000002751000 	/System/Library/Frameworks/ApplicationServices.framework/Versions/A/Frameworks/ColorSync.framework/Versions/A/ColorSync
0x0000000002751000 	/System/Library/Frameworks/ApplicationServices.framework/Versions/A/Frameworks/HIServices.framework/Versions/A/HIServices
0x0000000002751000 	/System/Library/Frameworks/ApplicationServices.framework/Versions/A/Frameworks/LangAnalysis.framework/Versions/A/LangAnalysis
0x0000000002751000 	/System/Library/Frameworks/ApplicationServices.framework/Versions/A/Frameworks/PrintCore.framework/Versions/A/PrintCore
0x0000000002751000 	/System/Library/Frameworks/ApplicationServices.framework/Versions/A/Frameworks/QD.framework/Versions/A/QD
0x0000000002751000 	/System/Library/Frameworks/ApplicationServices.framework/Versions/A/Frameworks/SpeechSynthesis.framework/Versions/A/SpeechSynthesis
0x0000000002751000 	/System/Library/Frameworks/Metal.framework/Versions/A/Metal
0x0000000002751000 	/System/Library/Frameworks/Accelerate.framework/Versions/A/Frameworks/vImage.framework/Versions/A/vImage
0x0000000002751000 	/System/Library/Frameworks/Accelerate.framework/Versions/A/Frameworks/vecLib.framework/Versions/A/vecLib
0x0000000002751000 	/System/Library/Frameworks/Accelerate.framework/Versions/A/Frameworks/vecLib.framework/Versions/A/libvDSP.dylib
0x0000000002751000 	/System/Library/Frameworks/Accelerate.framework/Versions/A/Frameworks/vecLib.framework/Versions/A/libvMisc.dylib
0x0000000002751000 	/System/Library/Frameworks/Accelerate.framework/Versions/A/Frameworks/vecLib.framework/Versions/A/libLAPACK.dylib
0x0000000002751000 	/System/Library/Frameworks/Accelerate.framework/Versions/A/Frameworks/vecLib.framework/Versions/A/libBLAS.dylib
0x0000000002751000 	/System/Library/Frameworks/Accelerate.framework/Versions/A/Frameworks/vecLib.framework/Versions/A/libLinearAlgebra.dylib
0x0000000002751000 	/System/Library/Frameworks/Accelerate.framework/Versions/A/Frameworks/vecLib.framework/Versions/A/libSparseBLAS.dylib
0x0000000002751000 	/System/Library/PrivateFrameworks/GPUCompiler.framework/libmetal_timestamp.dylib
0x0000000002751000 	/System/Library/Frameworks/OpenGL.framework/Versions/A/Libraries/libCoreFSCache.dylib
0x0000000002751000 	/System/Library/PrivateFrameworks/IOAccelerator.framework/Versions/A/IOAccelerator
0x0000000002751000 	/System/Library/Frameworks/ApplicationServices.framework/Versions/A/Frameworks/ATS.framework/Versions/A/Resources/libFontParser.dylib
0x0000000002751000 	/System/Library/Frameworks/ApplicationServices.framework/Versions/A/Frameworks/ATS.framework/Versions/A/Resources/libFontRegistry.dylib
0x0000000002751000 	/System/Library/PrivateFrameworks/AppleVPA.framework/Versions/A/AppleVPA
0x0000000002751000 	/System/Library/PrivateFrameworks/AppleJPEG.framework/Versions/A/AppleJPEG
0x0000000002751000 	/System/Library/Frameworks/ImageIO.framework/Versions/A/Resources/libJPEG.dylib
0x0000000002751000 	/System/Library/Frameworks/ImageIO.framework/Versions/A/Resources/libTIFF.dylib
0x0000000002751000 	/System/Library/Frameworks/ImageIO.framework/Versions/A/Resources/libPng.dylib
0x0000000002751000 	/System/Library/Frameworks/ImageIO.framework/Versions/A/Resources/libGIF.dylib
0x0000000002751000 	/System/Library/Frameworks/ImageIO.framework/Versions/A/Resources/libJP2.dylib
0x0000000002751000 	/System/Library/Frameworks/ImageIO.framework/Versions/A/Resources/libRadiance.dylib
0x0000000002751000 	/System/Library/Frameworks/CoreVideo.framework/Versions/A/CoreVideo
0x0000000002751000 	/System/Library/Frameworks/OpenGL.framework/Versions/A/Libraries/libGLU.dylib
0x0000000002751000 	/System/Library/Frameworks/OpenGL.framework/Versions/A/Libraries/libGFXShared.dylib
0x0000000002751000 	/System/Library/Frameworks/OpenGL.framework/Versions/A/Libraries/libGL.dylib
0x0000000002751000 	/System/Library/Frameworks/OpenGL.framework/Versions/A/Libraries/libGLImage.dylib
0x0000000002751000 	/System/Library/Frameworks/OpenGL.framework/Versions/A/Libraries/libCVMSPluginSupport.dylib
0x0000000002751000 	/System/Library/Frameworks/OpenGL.framework/Versions/A/Libraries/libCoreVMClient.dylib
0x0000000002751000 	/usr/lib/libcups.2.dylib
0x0000000002751000 	/System/Library/Frameworks/Kerberos.framework/Versions/A/Kerberos
0x0000000002751000 	/System/Library/Frameworks/GSS.framework/Versions/A/GSS
0x0000000002751000 	/usr/lib/libresolv.9.dylib
0x0000000002751000 	/usr/lib/libiconv.2.dylib
0x0000000002751000 	/System/Library/PrivateFrameworks/Heimdal.framework/Versions/A/Heimdal
0x0000000002751000 	/usr/lib/libheimdal-asn1.dylib
0x0000000002751000 	/System/Library/Frameworks/OpenDirectory.framework/Versions/A/OpenDirectory
0x0000000002751000 	/System/Library/PrivateFrameworks/CommonAuth.framework/Versions/A/CommonAuth
0x0000000002751000 	/System/Library/Frameworks/OpenDirectory.framework/Versions/A/Frameworks/CFOpenDirectory.framework/Versions/A/CFOpenDirectory
0x0000000002751000 	/System/Library/Frameworks/SecurityFoundation.framework/Versions/A/SecurityFoundation
0x0000000002751000 	/System/Library/PrivateFrameworks/LanguageModeling.framework/Versions/A/LanguageModeling
0x0000000002751000 	/usr/lib/libmarisa.dylib
0x0000000002751000 	/usr/lib/libChineseTokenizer.dylib
0x0000000002751000 	/usr/lib/libcmph.dylib
0x0000000002751000 	/usr/lib/libcompression.dylib
0x0000000002751000 	/System/Library/Frameworks/ServiceManagement.framework/Versions/A/ServiceManagement
0x0000000002751000 	/usr/lib/libxslt.1.dylib
0x0000000002751000 	/System/Library/Frameworks/Carbon.framework/Versions/A/Frameworks/Ink.framework/Versions/A/Ink
0x0000000002751000 	/usr/lib/libFosl_dynamic.dylib
0x0000000002751000 	/System/Library/PrivateFrameworks/FaceCore.framework/Versions/A/FaceCore
0x0000000002751000 	/System/Library/Frameworks/OpenCL.framework/Versions/A/OpenCL
0x0000000002751000 	/System/Library/PrivateFrameworks/CrashReporterSupport.framework/Versions/A/CrashReporterSupport
0x0000000002751000 	/System/Library/PrivateFrameworks/IconServices.framework/Versions/A/IconServices
0x0000000002751000 	/System/Library/PrivateFrameworks/Apple80211.framework/Versions/A/Apple80211
0x0000000002751000 	/System/Library/Frameworks/CoreWLAN.framework/Versions/A/CoreWLAN
0x0000000002751000 	/System/Library/Frameworks/IOBluetooth.framework/Versions/A/IOBluetooth
0x0000000002751000 	/System/Library/PrivateFrameworks/CoreWiFi.framework/Versions/A/CoreWiFi
0x0000000002751000 	/System/Library/Frameworks/CoreBluetooth.framework/Versions/A/CoreBluetooth
0x0000000002751000 	/System/Library/PrivateFrameworks/ChunkingLibrary.framework/Versions/A/ChunkingLibrary
0x0000000002751000 	/System/Library/PrivateFrameworks/DebugSymbols.framework/Versions/A/DebugSymbols
0x0000000002751000 	/System/Library/PrivateFrameworks/CoreSymbolication.framework/Versions/A/CoreSymbolication
0x0000000002751000 	/System/Library/PrivateFrameworks/Symbolication.framework/Versions/A/Symbolication
0x0000000002751000 	/System/Library/PrivateFrameworks/SpeechRecognitionCore.framework/Versions/A/SpeechRecognitionCore
0x000000010dc62000 	/Library/Java/JavaVirtualMachines/jdk1.8.0_25.jdk/Contents/Home/jre/lib/server/libjvm.dylib
0x0000000002751000 	/usr/lib/libstdc++.6.dylib
0x000000010eb7e000 	/Library/Java/JavaVirtualMachines/jdk1.8.0_25.jdk/Contents/Home/jre/lib/libverify.dylib
0x000000010eb8c000 	/Library/Java/JavaVirtualMachines/jdk1.8.0_25.jdk/Contents/Home/jre/lib/libjava.dylib
0x000000010ebce000 	/Library/Java/JavaVirtualMachines/jdk1.8.0_25.jdk/Contents/Home/jre/lib/libzip.dylib
0x00000001227e2000 	/System/Library/Frameworks/JavaVM.framework/Frameworks/JavaRuntimeSupport.framework/JavaRuntimeSupport
0x00000001227fd000 	/System/Library/Frameworks/JavaVM.framework/Versions/A/Frameworks/JavaNativeFoundation.framework/Versions/A/JavaNativeFoundation
0x000000010ebec000 	/System/Library/Frameworks/JavaVM.framework/Versions/A/JavaVM
0x0000000002751000 	/System/Library/Frameworks/Carbon.framework/Versions/A/Carbon
0x0000000122812000 	/System/Library/PrivateFrameworks/JavaLaunching.framework/Versions/A/JavaLaunching
0x0000000002751000 	/System/Library/Frameworks/Carbon.framework/Versions/A/Frameworks/CommonPanels.framework/Versions/A/CommonPanels
0x0000000002751000 	/System/Library/Frameworks/Carbon.framework/Versions/A/Frameworks/Help.framework/Versions/A/Help
0x0000000002751000 	/System/Library/Frameworks/Carbon.framework/Versions/A/Frameworks/ImageCapture.framework/Versions/A/ImageCapture
0x0000000002751000 	/System/Library/Frameworks/Carbon.framework/Versions/A/Frameworks/OpenScripting.framework/Versions/A/OpenScripting
0x0000000002751000 	/System/Library/Frameworks/Carbon.framework/Versions/A/Frameworks/Print.framework/Versions/A/Print
0x0000000002751000 	/System/Library/Frameworks/Carbon.framework/Versions/A/Frameworks/SecurityHI.framework/Versions/A/SecurityHI
0x00000001241bc000 	/Library/Java/JavaVirtualMachines/jdk1.8.0_25.jdk/Contents/Home/jre/lib/libprism_es2.dylib
0x0000000002751000 	/System/Library/Frameworks/OpenGL.framework/Versions/A/Resources/GLEngine.bundle/GLEngine
0x0000000002751000 	/System/Library/Frameworks/OpenGL.framework/Versions/A/Libraries/libGLProgrammability.dylib
0x000000012423c000 	/System/Library/Extensions/AppleIntelHD5000GraphicsGLDriver.bundle/Contents/MacOS/AppleIntelHD5000GraphicsGLDriver
0x0000000002751000 	/System/Library/PrivateFrameworks/GPUSupport.framework/Versions/A/Libraries/libGPUSupportMercury.dylib
0x0000000002751000 	/System/Library/Frameworks/OpenGL.framework/Versions/A/Resources/GLRendererFloat.bundle/GLRendererFloat
0x0000000002751000 	/System/Library/Frameworks/OpenCL.framework/Versions/A/Libraries/libcldcpuengine.dylib
0x0000000002751000 	/System/Library/PrivateFrameworks/DiskImages.framework/Versions/A/DiskImages
0x0000000002751000 	/System/Library/Frameworks/DiscRecording.framework/Versions/A/DiscRecording
0x0000000002751000 	/usr/lib/libcsfde.dylib
0x0000000002751000 	/usr/lib/libcurl.4.dylib
0x0000000002751000 	/System/Library/PrivateFrameworks/MediaKit.framework/Versions/A/MediaKit
0x0000000002751000 	/System/Library/PrivateFrameworks/ProtectedCloudStorage.framework/Versions/A/ProtectedCloudStorage
0x0000000002751000 	/usr/lib/libCoreStorage.dylib
0x0000000002751000 	/System/Library/PrivateFrameworks/EFILogin.framework/Versions/A/EFILogin
0x0000000002751000 	/usr/lib/libutil.dylib
0x0000000002751000 	/System/Library/PrivateFrameworks/FindMyDevice.framework/Versions/A/FindMyDevice
0x0000000002751000 	/System/Library/Frameworks/LDAP.framework/Versions/A/LDAP
0x0000000002751000 	/usr/lib/libsasl2.2.dylib
0x0000000002751000 	/System/Library/PrivateFrameworks/CoreDaemon.framework/Versions/B/CoreDaemon
0x0000000002751000 	/usr/lib/libcrypto.0.9.8.dylib
0x0000000002751000 	/System/Library/PrivateFrameworks/AppleSRP.framework/Versions/A/AppleSRP
0x0000000002751000 	/System/Library/PrivateFrameworks/TrustEvaluationAgent.framework/Versions/A/TrustEvaluationAgent
0x0000000124dbe000 	/Library/Java/JavaVirtualMachines/jdk1.8.0_25.jdk/Contents/Home/jre/lib/libglass.dylib
0x0000000002751000 	/System/Library/PrivateFrameworks/CoreServicesInternal.framework/Versions/A/CoreServicesInternal
0x0000000002751000 	/System/Library/CoreServices/RawCamera.bundle/Contents/MacOS/RawCamera
0x0000000002751000 	/System/Library/Frameworks/CoreGraphics.framework/Versions/A/Resources/libRIP.A.dylib
0x0000000002751000 	/System/Library/Frameworks/Accelerate.framework/Versions/A/Frameworks/vImage.framework/Versions/A/Libraries/libCGInterfaces.dylib
0x0000000002751000 	/System/Library/PrivateFrameworks/FamilyControls.framework/Versions/A/FamilyControls
0x0000000002751000 	/System/Library/PrivateFrameworks/CommerceKit.framework/Versions/A/Frameworks/CommerceCore.framework/Versions/A/CommerceCore
0x0000000002751000 	/System/Library/PrivateFrameworks/SystemAdministration.framework/Versions/A/SystemAdministration
0x0000000002751000 	/System/Library/PrivateFrameworks/AppContainer.framework/Versions/A/AppContainer
0x0000000002751000 	/System/Library/PrivateFrameworks/SecCodeWrapper.framework/Versions/A/SecCodeWrapper
0x0000000002751000 	/System/Library/Frameworks/DirectoryService.framework/Versions/A/DirectoryService
0x0000000002751000 	/System/Library/PrivateFrameworks/LoginUIKit.framework/Versions/A/Frameworks/LoginUICore.framework/Versions/A/LoginUICore
0x0000000002751000 	/usr/lib/libodfde.dylib
0x000000012746b000 	/Library/Java/JavaVirtualMachines/jdk1.8.0_25.jdk/Contents/Home/jre/lib/libjavafx_font.dylib
0x0000000002751000 	/System/Library/Frameworks/CoreGraphics.framework/Versions/A/Resources/libCGXType.A.dylib
0x0000000129259000 	cl_kernels
0x0000000002751000 	/System/Library/Frameworks/OpenCL.framework/Versions/A/Libraries/ImageFormats/unorm8_bgra.dylib
0x0000000002751000 	/System/Library/Frameworks/OpenCL.framework/Versions/A/Libraries/ImageFormats/unorm8_rgba.dylib
0x000000012a434000 	/Library/Java/JavaVirtualMachines/jdk1.8.0_25.jdk/Contents/Home/jre/lib/libprism_common.dylib
0x000000012acb2000 	/System/Library/Extensions/AppleIntelHD5000GraphicsMTLDriver.bundle/Contents/MacOS/AppleIntelHD5000GraphicsMTLDriver

VM Arguments:
jvm_args: -Dfile.encoding=UTF-8 
java_command: nl.Under_Koen.RubiksCube.Main
java_class_path (initial): /Users/gebruiker/Rubik's Cube/bin:/Users/gebruiker/Desktop/Eclipse.app/Contents/Eclipse/plugins/org.eclipse.fx.ide.css.jfx8_2.3.0.201603030809.jar
Launcher Type: SUN_STANDARD

Environment Variables:
PATH=/usr/bin:/bin:/usr/sbin:/sbin
SHELL=/bin/bash
DISPLAY=/private/tmp/com.apple.launchd.Nk3s8t8R5E/org.macosforge.xquartz:0

Signal Handlers:
SIGSEGV: [libjvm.dylib+0x579dc7], sa_mask[0]=11111111011111110111111111111111, sa_flags=SA_ONSTACK|SA_RESTART|SA_SIGINFO
SIGBUS: [libjvm.dylib+0x579dc7], sa_mask[0]=11111111011111110111111111111111, sa_flags=SA_RESTART|SA_SIGINFO
SIGFPE: [libjvm.dylib+0x45b030], sa_mask[0]=11111111011111110111111111111111, sa_flags=SA_RESTART|SA_SIGINFO
SIGPIPE: [libjvm.dylib+0x45b030], sa_mask[0]=11111111011111110111111111111111, sa_flags=SA_RESTART|SA_SIGINFO
SIGXFSZ: [libjvm.dylib+0x45b030], sa_mask[0]=11111111011111110111111111111111, sa_flags=SA_RESTART|SA_SIGINFO
SIGILL: [libjvm.dylib+0x45b030], sa_mask[0]=11111111011111110111111111111111, sa_flags=SA_RESTART|SA_SIGINFO
SIGUSR1: SIG_DFL, sa_mask[0]=00000000000000000000000000000000, sa_flags=none
SIGUSR2: [libjvm.dylib+0x45ab4e], sa_mask[0]=00100000000000000000000000000000, sa_flags=SA_RESTART|SA_SIGINFO
SIGHUP: [libjvm.dylib+0x459121], sa_mask[0]=11111111011111110111111111111111, sa_flags=SA_RESTART|SA_SIGINFO
SIGINT: [libjvm.dylib+0x459121], sa_mask[0]=11111111011111110111111111111111, sa_flags=SA_RESTART|SA_SIGINFO
SIGTERM: [libjvm.dylib+0x459121], sa_mask[0]=11111111011111110111111111111111, sa_flags=SA_RESTART|SA_SIGINFO
SIGQUIT: [libjvm.dylib+0x459121], sa_mask[0]=11111111011111110111111111111111, sa_flags=SA_RESTART|SA_SIGINFO


---------------  S Y S T E M  ---------------

OS:Bsduname:Darwin 15.4.0 Darwin Kernel Version 15.4.0: Fri Feb 26 22:08:05 PST 2016; root:xnu-3248.40.184~3/RELEASE_X86_64 x86_64
rlimit: STACK 8192k, CORE 0k, NPROC 709, NOFILE 10240, AS infinity
load average:2.66 1.83 1.56

CPU:total 4 (2 cores per cpu, 2 threads per core) family 6 model 69 stepping 1, cmov, cx8, fxsr, mmx, sse, sse2, sse3, ssse3, sse4.1, sse4.2, popcnt, avx, avx2, aes, clmul, erms, lzcnt, ht, tsc, tscinvbit, bmi1, bmi2

Memory: 4k page, physical 4194304k(472264k free)

/proc/meminfo:


vm_info: Java HotSpot(TM) 64-Bit Server VM (25.25-b02) for bsd-amd64 JRE (1.8.0_25-b17), built on Sep 17 2014 16:56:50 by "java_re" with gcc 4.2.1 (Based on Apple Inc. build 5658) (LLVM build 2336.11.00)

time: Tue Jun 14 19:46:03 2016
elapsed time: 53 seconds (0d 0h 0m 53s)

