#
# A fatal error has been detected by the Java Runtime Environment:
#
#  SIGSEGV (0xb) at pc=0x00000001181383fd, pid=6252, tid=2571
#
# JRE version: Java(TM) SE Runtime Environment (8.0_25-b17) (build 1.8.0_25-b17)
# Java VM: Java HotSpot(TM) 64-Bit Server VM (25.25-b02 mixed mode bsd-amd64 compressed oops)
# Problematic frame:
# C  [libglass.dylib+0x163fd]  GlassScreenDidChangeScreenParameters+0x9d
#
# Failed to write core dump. Core dumps have been disabled. To enable core dumping, try "ulimit -c unlimited" before starting Java again
#
# If you would like to submit a bug report, please visit:
#   http://bugreport.sun.com/bugreport/crash.jsp
#

---------------  T H R E A D  ---------------

Current thread is native thread

siginfo: si_signo: 11 (SIGSEGV), si_code: 1 (SEGV_MAPERR), si_addr: 0x0000000000000000

Registers:
RAX=0x000000011816ae40, RBX=0x0000000000000000, RCX=0x0000000000000103, RDX=0x00007fc335c8b508
RSP=0x00007fff5eeb1b80, RBP=0x00007fff5eeb1b90, RSI=0x00007fc33350d478, RDI=0x0000000000000000
R8 =0x0000000000000040, R9 =0x00007fff7626e1e0, R10=0xffffffffffffffff, R11=0x0000000000000246
R12=0x00007fc335c36c30, R13=0x00007fc333687f60, R14=0x00007fc333688020, R15=0x0000000000000000
RIP=0x00000001181383fd, EFLAGS=0x0000000000010202, ERR=0x0000000000000004
  TRAPNO=0x000000000000000e

Top of Stack: (sp=0x00007fff5eeb1b80)
0x00007fff5eeb1b80:   00007fff5eeb1bd8 00007fc333688020
0x00007fff5eeb1b90:   00007fff5eeb1ba0 00007fff9352dbbc
0x00007fff5eeb1ba0:   00007fff5eeb1bc0 00007fff9352db4f
0x00007fff5eeb1bb0:   0000000000000000 0000000000000000
0x00007fff5eeb1bc0:   00007fff5eeb1c30 00007fff9352dac7
0x00007fff5eeb1bd0:   00007fff744f09d0 00007fff72a8c0a0
0x00007fff5eeb1be0:   0000000042000000 00007fff9352db10
0x00007fff5eeb1bf0:   00007fff75cb4720 00007fc333687f60
0x00007fff5eeb1c00:   00007fc335c36c30 00007fff5eeb23d8
0x00007fff5eeb1c10:   00007fff75de1780 00007fff5eeb23d8
0x00007fff5eeb1c20:   00007fc333687f60 00007fff938ed9e2
0x00007fff5eeb1c30:   00007fff5eeb1c70 00007fff9352d832
0x00007fff5eeb1c40:   00007fff5eeb2250 0000000000000000
0x00007fff5eeb1c50:   00007fff75de1780 00007fff5eeb23d8
0x00007fff5eeb1c60:   00007fff97f554c0 00007fff938ed9e2
0x00007fff5eeb1c70:   00007fff5eeb2380 00007fff934ea5e2
0x00007fff5eeb1c80:   00007fff5eeb1cd0 00007fff862c6258
0x00007fff5eeb1c90:   00007fc333620290 00007fc33351df60
0x00007fff5eeb1ca0:   00007fc334000048 00007fc333549680
0x00007fff5eeb1cb0:   0000000000000000 00007fc333688080
0x00007fff5eeb1cc0:   0000000000000000 0000000000000000
0x00007fff5eeb1cd0:   00007fff75cf1bc0 00007fff5eeb2250
0x00007fff5eeb1ce0:   0000000000000001 0000000000000100
0x00007fff5eeb1cf0:   0000000000001000 00007fff5eeb2150
0x00007fff5eeb1d00:   0000000000000000 0000000000000100
0x00007fff5eeb1d10:   00007fff5eeb1d00 00007fff75de1780
0x00007fff5eeb1d20:   0000000000000000 00007fff75cb5500
0x00007fff5eeb1d30:   00007fff75de1780 0000000000000000
0x00007fff5eeb1d40:   00007fff75cb5500 00007fc333630a40
0x00007fff5eeb1d50:   00007fc333620200 0000000000000002
0x00007fff5eeb1d60:   0000000000000000 00007fff97f554c0
0x00007fff5eeb1d70:   00007fff5eeb1f30 00007fff8acd7584 

Instructions: (pc=0x00000001181383fd)
0x00000001181383dd:   89 df 4c 89 f1 41 ff 90 68 04 00 00 48 8d 05 58
0x00000001181383ed:   29 03 00 48 8b 30 48 8d 05 46 2a 03 00 48 8b 10
0x00000001181383fd:   48 8b 0b 30 c0 48 89 df ff 91 68 04 00 00 48 8b
0x000000011813840d:   03 48 89 df ff 50 78 48 85 c0 74 36 49 89 c6 48 

Register to memory mapping:

RAX=0x000000011816ae40: jScreenNotifySettingsChanged+0 in /Library/Java/JavaVirtualMachines/jdk1.8.0_25.jdk/Contents/Home/jre/lib/libglass.dylib at 0x0000000118122000
RBX=0x0000000000000000 is an unknown value
RCX=0x0000000000000103 is an unknown value
RDX=0x00007fc335c8b508 is an unknown value
RSP=0x00007fff5eeb1b80 is an unknown value
RBP=0x00007fff5eeb1b90 is an unknown value
RSI=0x00007fc33350d478 is a global jni handle
RDI=0x0000000000000000 is an unknown value
R8 =0x0000000000000040 is an unknown value
R9 =0x00007fff7626e1e0: __sFX+0x1c0 in /usr/lib/system/libsystem_c.dylib at 0x00007fff954c6000
R10=0xffffffffffffffff is an unknown value
R11=0x0000000000000246 is an unknown value
R12=0x00007fc335c36c30 is an unknown value
R13=0x00007fc333687f60 is an unknown value
R14=0x00007fc333688020 is an unknown value
R15=0x0000000000000000 is an unknown value


Stack: [0x00007fff5e6b5000,0x00007fff5eeb5000],  sp=0x00007fff5eeb1b80,  free space=8178k
Native frames: (J=compiled Java code, j=interpreted, Vv=VM code, C=native code)
C  [libglass.dylib+0x163fd]  GlassScreenDidChangeScreenParameters+0x9d
C  [CoreFoundation+0xa0bbc]  __CFNOTIFICATIONCENTER_IS_CALLING_OUT_TO_AN_OBSERVER__+0xc
C  [CoreFoundation+0xa0b4f]  ___CFXRegistrationPost_block_invoke+0x3f
C  [CoreFoundation+0xa0ac7]  _CFXRegistrationPost+0x197
C  [CoreFoundation+0xa0832]  ___CFXNotificationPost_block_invoke+0x32
C  [CoreFoundation+0x5d5e2]  -[_CFXNotificationRegistrar find:object:observer:enumerator:]+0x782
C  [CoreFoundation+0x5c835]  _CFXNotificationPost+0x2b5
C  [Foundation+0x6fda]  -[NSNotificationCenter postNotificationName:object:userInfo:]+0x42
C  [AppKit+0x41c157]  -[NSApplication _reactToScreenInvalidationImmediately:]+0x17f
C  [AppKit+0x41bfa8]  __44-[NSApplication _reactToScreenInvalidation:]_block_invoke+0x3b
C  [CoreFoundation+0xaa4ac]  __CFRUNLOOP_IS_CALLING_OUT_TO_A_BLOCK__+0xc
C  [CoreFoundation+0x89d05]  __CFRunLoopDoBlocks+0x155
C  [CoreFoundation+0x89a6b]  __CFRunLoopRun+0x92b
C  [CoreFoundation+0x88ed8]  CFRunLoopRunSpecific+0x128
C  [java+0x56cc]  CreateExecutionEnvironment+0x367
C  [java+0x165c]  JLI_Launch+0x7a0
C  [java+0x768a]  main+0x65
C  [java+0xeb4]  start+0x34


---------------  P R O C E S S  ---------------

VM state:at safepoint (normal execution)

VM Mutex/Monitor currently owned by a thread:  ([mutex/lock_event])
[0x00007fc3335050b0] Threads_lock - owner thread: 0x00007fc333816800
[0x00007fc3335055b0] Heap_lock - owner thread: 0x00007fc334003000

Heap:
 PSYoungGen      total 18944K, used 17902K [0x00000007aab00000, 0x00000007ad000000, 0x00000007c0000000)
  eden space 16384K, 93% used [0x00000007aab00000,0x00000007aba03af0,0x00000007abb00000)
  from space 2560K, 98% used [0x00000007abb00000,0x00000007abd78040,0x00000007abd80000)
  to   space 2560K, 0% used [0x00000007acd80000,0x00000007acd80000,0x00000007ad000000)
 ParOldGen       total 44032K, used 40K [0x0000000780000000, 0x0000000782b00000, 0x00000007aab00000)
  object space 44032K, 0% used [0x0000000780000000,0x000000078000a000,0x0000000782b00000)
 Metaspace       used 12450K, capacity 12990K, committed 13184K, reserved 1060864K
  class space    used 1734K, capacity 1885K, committed 1920K, reserved 1048576K

Card table byte_map: [0x0000000111b10000,0x0000000111d11000] byte_map_base: 0x000000010df10000

Marking Bits: (ParMarkBitMap*) 0x000000010209d390
 Begin Bits: [0x0000000111e67000, 0x0000000112e67000)
 End Bits:   [0x0000000112e67000, 0x0000000113e67000)

Polling page: 0x0000000100fd8000

CodeCache: size=245760Kb used=4260Kb max_used=4260Kb free=241499Kb
 bounds [0x0000000102750000, 0x0000000102b80000, 0x0000000111750000]
 total_blobs=1927 nmethods=1318 adapters=523
 compilation: enabled

Compilation events (10 events):
Event: 40.945 Thread 0x00007fc33406d000 nmethod 1313 0x0000000102b76ad0 code [0x0000000102b76c60, 0x0000000102b771c8]
Event: 40.945 Thread 0x00007fc33406d000 1315       3       java.lang.invoke.DirectMethodHandle::make (199 bytes)
Event: 40.950 Thread 0x00007fc33406d000 nmethod 1315 0x0000000102b77410 code [0x0000000102b77740, 0x0000000102b78f48]
Event: 40.950 Thread 0x00007fc33406d000 1317       3       java.util.concurrent.locks.AbstractOwnableSynchronizer::setExclusiveOwnerThread (6 bytes)
Event: 40.950 Thread 0x00007fc33406d000 nmethod 1317 0x0000000102b79a90 code [0x0000000102b79be0, 0x0000000102b79d50]
Event: 40.950 Thread 0x00007fc33406d000 1316       3       java.lang.invoke.MemberName::isField (7 bytes)
Event: 40.950 Thread 0x00007fc33406d000 nmethod 1316 0x0000000102b79dd0 code [0x0000000102b79f40, 0x0000000102b7a1b0]
Event: 40.964 Thread 0x00007fc33406d000 1319       3       java.lang.invoke.MethodHandleNatives::isCallerSensitive (29 bytes)
Event: 40.965 Thread 0x00007fc33406d000 nmethod 1319 0x0000000102b7a610 code [0x0000000102b7a7c0, 0x0000000102b7ae68]
Event: 40.965 Thread 0x00007fc33406d000 1320       3       java.lang.invoke.MethodHandleNatives::canBeCalledVirtual (132 bytes)

GC Heap History (2 events):
Event: 0.771 GC heap before
{Heap before GC invocations=1 (full 0):
 PSYoungGen      total 18944K, used 16384K [0x00000007aab00000, 0x00000007ac000000, 0x00000007c0000000)
  eden space 16384K, 100% used [0x00000007aab00000,0x00000007abb00000,0x00000007abb00000)
  from space 2560K, 0% used [0x00000007abd80000,0x00000007abd80000,0x00000007ac000000)
  to   space 2560K, 0% used [0x00000007abb00000,0x00000007abb00000,0x00000007abd80000)
 ParOldGen       total 44032K, used 0K [0x0000000780000000, 0x0000000782b00000, 0x00000007aab00000)
  object space 44032K, 0% used [0x0000000780000000,0x0000000780000000,0x0000000782b00000)
 Metaspace       used 9054K, capacity 9544K, committed 9856K, reserved 1058816K
  class space    used 1236K, capacity 1340K, committed 1408K, reserved 1048576K
Event: 0.784 GC heap after
Heap after GC invocations=1 (full 0):
 PSYoungGen      total 18944K, used 2528K [0x00000007aab00000, 0x00000007ad000000, 0x00000007c0000000)
  eden space 16384K, 0% used [0x00000007aab00000,0x00000007aab00000,0x00000007abb00000)
  from space 2560K, 98% used [0x00000007abb00000,0x00000007abd78040,0x00000007abd80000)
  to   space 2560K, 0% used [0x00000007acd80000,0x00000007acd80000,0x00000007ad000000)
 ParOldGen       total 44032K, used 40K [0x0000000780000000, 0x0000000782b00000, 0x00000007aab00000)
  object space 44032K, 0% used [0x0000000780000000,0x000000078000a000,0x0000000782b00000)
 Metaspace       used 9054K, capacity 9544K, committed 9856K, reserved 1058816K
  class space    used 1236K, capacity 1340K, committed 1408K, reserved 1048576K
}

Deoptimization events (10 events):
Event: 1.035 Thread 0x00007fc33419e000 Uncommon trap: reason=class_check action=maybe_recompile pc=0x00000001029a6e10 method=java.io.DataInputStream.readShort()S @ 4
Event: 1.044 Thread 0x00007fc33419e000 Uncommon trap: reason=class_check action=maybe_recompile pc=0x0000000102873c1c method=java.lang.String.equals(Ljava/lang/Object;)Z @ 8
Event: 1.044 Thread 0x00007fc33419e000 Uncommon trap: reason=class_check action=maybe_recompile pc=0x0000000102873c1c method=java.lang.String.equals(Ljava/lang/Object;)Z @ 8
Event: 1.044 Thread 0x00007fc33419e000 Uncommon trap: reason=class_check action=maybe_recompile pc=0x0000000102873c1c method=java.lang.String.equals(Ljava/lang/Object;)Z @ 8
Event: 1.048 Thread 0x00007fc33419e000 Uncommon trap: reason=class_check action=maybe_recompile pc=0x0000000102873c1c method=java.lang.String.equals(Ljava/lang/Object;)Z @ 8
Event: 1.352 Thread 0x00007fc33419e000 Uncommon trap: reason=unloaded action=reinterpret pc=0x00000001029910d8 method=java.lang.CharacterData.of(I)Ljava/lang/CharacterData; @ 96
Event: 18.376 Thread 0x00007fc33419e000 Uncommon trap: reason=class_check action=maybe_recompile pc=0x0000000102b3e828 method=javafx.scene.Node.getGeomBounds(Lcom/sun/javafx/geom/BaseBounds;Lcom/sun/javafx/geom/transform/BaseTransform;)Lcom/sun/javafx/geom/BaseBounds; @ 1
Event: 40.726 Thread 0x00007fc33419e000 Uncommon trap: reason=class_check action=maybe_recompile pc=0x0000000102b3e828 method=javafx.scene.Node.getGeomBounds(Lcom/sun/javafx/geom/BaseBounds;Lcom/sun/javafx/geom/transform/BaseTransform;)Lcom/sun/javafx/geom/BaseBounds; @ 1
Event: 40.854 Thread 0x00007fc33419e000 Uncommon trap: reason=class_check action=maybe_recompile pc=0x0000000102b3e828 method=javafx.scene.Node.getGeomBounds(Lcom/sun/javafx/geom/BaseBounds;Lcom/sun/javafx/geom/transform/BaseTransform;)Lcom/sun/javafx/geom/BaseBounds; @ 1
Event: 40.854 Thread 0x00007fc33419e000 Uncommon trap: reason=class_check action=maybe_recompile pc=0x0000000102b3e828 method=javafx.scene.Node.getGeomBounds(Lcom/sun/javafx/geom/BaseBounds;Lcom/sun/javafx/geom/transform/BaseTransform;)Lcom/sun/javafx/geom/BaseBounds; @ 1

Internal exceptions (10 events):
Event: 0.748 Thread 0x00007fc33419e000 Exception <a 'java/security/PrivilegedActionException'> (0x00000007abaa2b30) thrown at [/HUDSON3/workspace/8-2-build-macosx-x86_64/jdk8u25/1514/hotspot/src/share/vm/prims/jvm.cpp, line 1312]
Event: 0.750 Thread 0x00007fc33419e000 Exception <a 'java/security/PrivilegedActionException'> (0x00000007abaa61e8) thrown at [/HUDSON3/workspace/8-2-build-macosx-x86_64/jdk8u25/1514/hotspot/src/share/vm/prims/jvm.cpp, line 1312]
Event: 0.750 Thread 0x00007fc33419e000 Exception <a 'java/security/PrivilegedActionException'> (0x00000007abaa91f8) thrown at [/HUDSON3/workspace/8-2-build-macosx-x86_64/jdk8u25/1514/hotspot/src/share/vm/prims/jvm.cpp, line 1312]
Event: 0.751 Thread 0x00007fc33419e000 Exception <a 'java/security/PrivilegedActionException'> (0x00000007abaac210) thrown at [/HUDSON3/workspace/8-2-build-macosx-x86_64/jdk8u25/1514/hotspot/src/share/vm/prims/jvm.cpp, line 1312]
Event: 0.752 Thread 0x00007fc33419e000 Exception <a 'java/security/PrivilegedActionException'> (0x00000007abaaf220) thrown at [/HUDSON3/workspace/8-2-build-macosx-x86_64/jdk8u25/1514/hotspot/src/share/vm/prims/jvm.cpp, line 1312]
Event: 0.825 Thread 0x00007fc33419e000 Implicit null exception at 0x00000001029b65f5 to 0x00000001029b67c1
Event: 0.864 Thread 0x00007fc33419e000 Exception <a 'java/security/PrivilegedActionException'> (0x00000007aad016b0) thrown at [/HUDSON3/workspace/8-2-build-macosx-x86_64/jdk8u25/1514/hotspot/src/share/vm/prims/jvm.cpp, line 1312]
Event: 0.936 Thread 0x00007fc33419e000 Exception <a 'java/security/PrivilegedActionException'> (0x00000007aaf76f58) thrown at [/HUDSON3/workspace/8-2-build-macosx-x86_64/jdk8u25/1514/hotspot/src/share/vm/prims/jvm.cpp, line 1312]
Event: 0.938 Thread 0x00007fc33419e000 Exception <a 'java/security/PrivilegedActionException'> (0x00000007aaf8c3b0) thrown at [/HUDSON3/workspace/8-2-build-macosx-x86_64/jdk8u25/1514/hotspot/src/share/vm/prims/jvm.cpp, line 1312]
Event: 0.941 Thread 0x00007fc33419e000 Exception <a 'java/security/PrivilegedActionException'> (0x00000007aafabfa0) thrown at [/HUDSON3/workspace/8-2-build-macosx-x86_64/jdk8u25/1514/hotspot/src/share/vm/prims/jvm.cpp, line 1312]

Events (10 events):
Event: 40.964 Thread 0x00007fc334003000 Thread exited: 0x00007fc334003000
Event: 40.964 Thread 0x00007fc334003000 Thread added: 0x00007fc334003000
Event: 40.964 loading class java/util/IdentityHashMap$KeySet
Event: 40.965 loading class java/util/IdentityHashMap$KeySet done
Event: 40.965 loading class java/util/IdentityHashMap$KeyIterator
Event: 40.965 loading class java/util/IdentityHashMap$IdentityHashMapIterator
Event: 40.965 loading class java/util/IdentityHashMap$IdentityHashMapIterator done
Event: 40.965 loading class java/util/IdentityHashMap$KeyIterator done
Event: 40.965 Thread 0x00007fc334003000 Thread exited: 0x00007fc334003000
Event: 40.965 Thread 0x00007fc334062000 Thread exited: 0x00007fc334062000


Dynamic libraries:
0x0000000002751000 	/System/Library/Frameworks/Cocoa.framework/Versions/A/Cocoa
0x0000000002751000 	/System/Library/Frameworks/Security.framework/Versions/A/Security
0x0000000002751000 	/System/Library/Frameworks/ApplicationServices.framework/Versions/A/ApplicationServices
0x0000000002751000 	/usr/lib/libz.1.dylib
0x0000000002751000 	/usr/lib/libSystem.B.dylib
0x0000000002751000 	/usr/lib/libobjc.A.dylib
0x0000000002751000 	/System/Library/Frameworks/CoreFoundation.framework/Versions/A/CoreFoundation
0x0000000002751000 	/System/Library/Frameworks/Foundation.framework/Versions/C/Foundation
0x0000000002751000 	/System/Library/Frameworks/AppKit.framework/Versions/C/AppKit
0x0000000002751000 	/System/Library/Frameworks/CoreData.framework/Versions/A/CoreData
0x0000000002751000 	/System/Library/PrivateFrameworks/RemoteViewServices.framework/Versions/A/RemoteViewServices
0x0000000002751000 	/System/Library/PrivateFrameworks/UIFoundation.framework/Versions/A/UIFoundation
0x0000000002751000 	/usr/lib/libScreenReader.dylib
0x0000000002751000 	/System/Library/Frameworks/Accelerate.framework/Versions/A/Accelerate
0x0000000002751000 	/System/Library/Frameworks/IOSurface.framework/Versions/A/IOSurface
0x0000000002751000 	/System/Library/Frameworks/AudioToolbox.framework/Versions/A/AudioToolbox
0x0000000002751000 	/System/Library/Frameworks/AudioUnit.framework/Versions/A/AudioUnit
0x0000000002751000 	/System/Library/PrivateFrameworks/DataDetectorsCore.framework/Versions/A/DataDetectorsCore
0x0000000002751000 	/System/Library/PrivateFrameworks/DesktopServicesPriv.framework/Versions/A/DesktopServicesPriv
0x0000000002751000 	/System/Library/Frameworks/Carbon.framework/Versions/A/Frameworks/HIToolbox.framework/Versions/A/HIToolbox
0x0000000002751000 	/System/Library/Frameworks/QuartzCore.framework/Versions/A/QuartzCore
0x0000000002751000 	/System/Library/Frameworks/Carbon.framework/Versions/A/Frameworks/SpeechRecognition.framework/Versions/A/SpeechRecognition
0x0000000002751000 	/usr/lib/libauto.dylib
0x0000000002751000 	/usr/lib/libicucore.A.dylib
0x0000000002751000 	/usr/lib/libxml2.2.dylib
0x0000000002751000 	/System/Library/PrivateFrameworks/CoreUI.framework/Versions/A/CoreUI
0x0000000002751000 	/System/Library/Frameworks/CoreAudio.framework/Versions/A/CoreAudio
0x0000000002751000 	/System/Library/Frameworks/DiskArbitration.framework/Versions/A/DiskArbitration
0x0000000002751000 	/usr/lib/liblangid.dylib
0x0000000002751000 	/System/Library/PrivateFrameworks/MultitouchSupport.framework/Versions/A/MultitouchSupport
0x0000000002751000 	/System/Library/Frameworks/IOKit.framework/Versions/A/IOKit
0x0000000002751000 	/usr/lib/libDiagnosticMessagesClient.dylib
0x0000000002751000 	/System/Library/Frameworks/CoreServices.framework/Versions/A/CoreServices
0x0000000002751000 	/System/Library/PrivateFrameworks/PerformanceAnalysis.framework/Versions/A/PerformanceAnalysis
0x0000000002751000 	/System/Library/PrivateFrameworks/GenerationalStorage.framework/Versions/A/GenerationalStorage
0x0000000002751000 	/System/Library/Frameworks/OpenGL.framework/Versions/A/OpenGL
0x0000000002751000 	/System/Library/PrivateFrameworks/Sharing.framework/Versions/A/Sharing
0x0000000002751000 	/System/Library/Frameworks/CoreGraphics.framework/Versions/A/CoreGraphics
0x0000000002751000 	/System/Library/Frameworks/CoreImage.framework/Versions/A/CoreImage
0x0000000002751000 	/System/Library/Frameworks/CoreText.framework/Versions/A/CoreText
0x0000000002751000 	/System/Library/Frameworks/ImageIO.framework/Versions/A/ImageIO
0x0000000002751000 	/System/Library/PrivateFrameworks/Backup.framework/Versions/A/Backup
0x0000000002751000 	/usr/lib/libextension.dylib
0x0000000002751000 	/usr/lib/libarchive.2.dylib
0x0000000002751000 	/System/Library/Frameworks/CFNetwork.framework/Versions/A/CFNetwork
0x0000000002751000 	/System/Library/Frameworks/SystemConfiguration.framework/Versions/A/SystemConfiguration
0x0000000002751000 	/usr/lib/libCRFSuite.dylib
0x0000000002751000 	/usr/lib/libc++.1.dylib
0x0000000002751000 	/usr/lib/libc++abi.dylib
0x0000000002751000 	/usr/lib/system/libcache.dylib
0x0000000002751000 	/usr/lib/system/libcommonCrypto.dylib
0x0000000002751000 	/usr/lib/system/libcompiler_rt.dylib
0x0000000002751000 	/usr/lib/system/libcopyfile.dylib
0x0000000002751000 	/usr/lib/system/libcorecrypto.dylib
0x0000000002751000 	/usr/lib/system/libdispatch.dylib
0x0000000002751000 	/usr/lib/system/libdyld.dylib
0x0000000002751000 	/usr/lib/system/libkeymgr.dylib
0x0000000002751000 	/usr/lib/system/liblaunch.dylib
0x0000000002751000 	/usr/lib/system/libmacho.dylib
0x0000000002751000 	/usr/lib/system/libquarantine.dylib
0x0000000002751000 	/usr/lib/system/libremovefile.dylib
0x0000000002751000 	/usr/lib/system/libsystem_asl.dylib
0x0000000002751000 	/usr/lib/system/libsystem_blocks.dylib
0x0000000002751000 	/usr/lib/system/libsystem_c.dylib
0x0000000002751000 	/usr/lib/system/libsystem_configuration.dylib
0x0000000002751000 	/usr/lib/system/libsystem_coreservices.dylib
0x0000000002751000 	/usr/lib/system/libsystem_coretls.dylib
0x0000000002751000 	/usr/lib/system/libsystem_dnssd.dylib
0x0000000002751000 	/usr/lib/system/libsystem_info.dylib
0x0000000002751000 	/usr/lib/system/libsystem_kernel.dylib
0x0000000002751000 	/usr/lib/system/libsystem_m.dylib
0x0000000002751000 	/usr/lib/system/libsystem_malloc.dylib
0x0000000002751000 	/usr/lib/system/libsystem_network.dylib
0x0000000002751000 	/usr/lib/system/libsystem_networkextension.dylib
0x0000000002751000 	/usr/lib/system/libsystem_notify.dylib
0x0000000002751000 	/usr/lib/system/libsystem_platform.dylib
0x0000000002751000 	/usr/lib/system/libsystem_pthread.dylib
0x0000000002751000 	/usr/lib/system/libsystem_sandbox.dylib
0x0000000002751000 	/usr/lib/system/libsystem_secinit.dylib
0x0000000002751000 	/usr/lib/system/libsystem_trace.dylib
0x0000000002751000 	/usr/lib/system/libunc.dylib
0x0000000002751000 	/usr/lib/system/libunwind.dylib
0x0000000002751000 	/usr/lib/system/libxpc.dylib
0x0000000002751000 	/usr/lib/libenergytrace.dylib
0x0000000002751000 	/usr/lib/libbsm.0.dylib
0x0000000002751000 	/usr/lib/system/libkxld.dylib
0x0000000002751000 	/usr/lib/libxar.1.dylib
0x0000000002751000 	/usr/lib/libsqlite3.dylib
0x0000000002751000 	/usr/lib/libpam.2.dylib
0x0000000002751000 	/usr/lib/libOpenScriptingUtil.dylib
0x0000000002751000 	/usr/lib/libbz2.1.0.dylib
0x0000000002751000 	/usr/lib/liblzma.5.dylib
0x0000000002751000 	/System/Library/Frameworks/CoreServices.framework/Versions/A/Frameworks/FSEvents.framework/Versions/A/FSEvents
0x0000000002751000 	/System/Library/Frameworks/CoreServices.framework/Versions/A/Frameworks/CarbonCore.framework/Versions/A/CarbonCore
0x0000000002751000 	/System/Library/Frameworks/CoreServices.framework/Versions/A/Frameworks/Metadata.framework/Versions/A/Metadata
0x0000000002751000 	/System/Library/Frameworks/CoreServices.framework/Versions/A/Frameworks/OSServices.framework/Versions/A/OSServices
0x0000000002751000 	/System/Library/Frameworks/CoreServices.framework/Versions/A/Frameworks/SearchKit.framework/Versions/A/SearchKit
0x0000000002751000 	/System/Library/Frameworks/CoreServices.framework/Versions/A/Frameworks/AE.framework/Versions/A/AE
0x0000000002751000 	/System/Library/Frameworks/CoreServices.framework/Versions/A/Frameworks/LaunchServices.framework/Versions/A/LaunchServices
0x0000000002751000 	/System/Library/Frameworks/CoreServices.framework/Versions/A/Frameworks/DictionaryServices.framework/Versions/A/DictionaryServices
0x0000000002751000 	/System/Library/Frameworks/CoreServices.framework/Versions/A/Frameworks/SharedFileList.framework/Versions/A/SharedFileList
0x0000000002751000 	/System/Library/Frameworks/NetFS.framework/Versions/A/NetFS
0x0000000002751000 	/System/Library/PrivateFrameworks/NetAuth.framework/Versions/A/NetAuth
0x0000000002751000 	/System/Library/PrivateFrameworks/login.framework/Versions/A/Frameworks/loginsupport.framework/Versions/A/loginsupport
0x0000000002751000 	/System/Library/PrivateFrameworks/TCC.framework/Versions/A/TCC
0x0000000002751000 	/usr/lib/libmecabra.dylib
0x0000000002751000 	/System/Library/Frameworks/ApplicationServices.framework/Versions/A/Frameworks/ATS.framework/Versions/A/ATS
0x0000000002751000 	/System/Library/Frameworks/ApplicationServices.framework/Versions/A/Frameworks/ColorSync.framework/Versions/A/ColorSync
0x0000000002751000 	/System/Library/Frameworks/ApplicationServices.framework/Versions/A/Frameworks/HIServices.framework/Versions/A/HIServices
0x0000000002751000 	/System/Library/Frameworks/ApplicationServices.framework/Versions/A/Frameworks/LangAnalysis.framework/Versions/A/LangAnalysis
0x0000000002751000 	/System/Library/Frameworks/ApplicationServices.framework/Versions/A/Frameworks/PrintCore.framework/Versions/A/PrintCore
0x0000000002751000 	/System/Library/Frameworks/ApplicationServices.framework/Versions/A/Frameworks/QD.framework/Versions/A/QD
0x0000000002751000 	/System/Library/Frameworks/ApplicationServices.framework/Versions/A/Frameworks/SpeechSynthesis.framework/Versions/A/SpeechSynthesis
0x0000000002751000 	/System/Library/Frameworks/Metal.framework/Versions/A/Metal
0x0000000002751000 	/System/Library/Frameworks/Accelerate.framework/Versions/A/Frameworks/vImage.framework/Versions/A/vImage
0x0000000002751000 	/System/Library/Frameworks/Accelerate.framework/Versions/A/Frameworks/vecLib.framework/Versions/A/vecLib
0x0000000002751000 	/System/Library/Frameworks/Accelerate.framework/Versions/A/Frameworks/vecLib.framework/Versions/A/libvDSP.dylib
0x0000000002751000 	/System/Library/Frameworks/Accelerate.framework/Versions/A/Frameworks/vecLib.framework/Versions/A/libvMisc.dylib
0x0000000002751000 	/System/Library/Frameworks/Accelerate.framework/Versions/A/Frameworks/vecLib.framework/Versions/A/libLAPACK.dylib
0x0000000002751000 	/System/Library/Frameworks/Accelerate.framework/Versions/A/Frameworks/vecLib.framework/Versions/A/libBLAS.dylib
0x0000000002751000 	/System/Library/Frameworks/Accelerate.framework/Versions/A/Frameworks/vecLib.framework/Versions/A/libLinearAlgebra.dylib
0x0000000002751000 	/System/Library/Frameworks/Accelerate.framework/Versions/A/Frameworks/vecLib.framework/Versions/A/libSparseBLAS.dylib
0x0000000002751000 	/System/Library/PrivateFrameworks/GPUCompiler.framework/libmetal_timestamp.dylib
0x0000000002751000 	/System/Library/Frameworks/OpenGL.framework/Versions/A/Libraries/libCoreFSCache.dylib
0x0000000002751000 	/System/Library/PrivateFrameworks/IOAccelerator.framework/Versions/A/IOAccelerator
0x0000000002751000 	/System/Library/Frameworks/ApplicationServices.framework/Versions/A/Frameworks/ATS.framework/Versions/A/Resources/libFontParser.dylib
0x0000000002751000 	/System/Library/Frameworks/ApplicationServices.framework/Versions/A/Frameworks/ATS.framework/Versions/A/Resources/libFontRegistry.dylib
0x0000000002751000 	/System/Library/PrivateFrameworks/AppleVPA.framework/Versions/A/AppleVPA
0x0000000002751000 	/System/Library/PrivateFrameworks/AppleJPEG.framework/Versions/A/AppleJPEG
0x0000000002751000 	/System/Library/Frameworks/ImageIO.framework/Versions/A/Resources/libJPEG.dylib
0x0000000002751000 	/System/Library/Frameworks/ImageIO.framework/Versions/A/Resources/libTIFF.dylib
0x0000000002751000 	/System/Library/Frameworks/ImageIO.framework/Versions/A/Resources/libPng.dylib
0x0000000002751000 	/System/Library/Frameworks/ImageIO.framework/Versions/A/Resources/libGIF.dylib
0x0000000002751000 	/System/Library/Frameworks/ImageIO.framework/Versions/A/Resources/libJP2.dylib
0x0000000002751000 	/System/Library/Frameworks/ImageIO.framework/Versions/A/Resources/libRadiance.dylib
0x0000000002751000 	/System/Library/Frameworks/CoreVideo.framework/Versions/A/CoreVideo
0x0000000002751000 	/System/Library/Frameworks/OpenGL.framework/Versions/A/Libraries/libGLU.dylib
0x0000000002751000 	/System/Library/Frameworks/OpenGL.framework/Versions/A/Libraries/libGFXShared.dylib
0x0000000002751000 	/System/Library/Frameworks/OpenGL.framework/Versions/A/Libraries/libGL.dylib
0x0000000002751000 	/System/Library/Frameworks/OpenGL.framework/Versions/A/Libraries/libGLImage.dylib
0x0000000002751000 	/System/Library/Frameworks/OpenGL.framework/Versions/A/Libraries/libCVMSPluginSupport.dylib
0x0000000002751000 	/System/Library/Frameworks/OpenGL.framework/Versions/A/Libraries/libCoreVMClient.dylib
0x0000000002751000 	/usr/lib/libcups.2.dylib
0x0000000002751000 	/System/Library/Frameworks/Kerberos.framework/Versions/A/Kerberos
0x0000000002751000 	/System/Library/Frameworks/GSS.framework/Versions/A/GSS
0x0000000002751000 	/usr/lib/libresolv.9.dylib
0x0000000002751000 	/usr/lib/libiconv.2.dylib
0x0000000002751000 	/System/Library/PrivateFrameworks/Heimdal.framework/Versions/A/Heimdal
0x0000000002751000 	/usr/lib/libheimdal-asn1.dylib
0x0000000002751000 	/System/Library/Frameworks/OpenDirectory.framework/Versions/A/OpenDirectory
0x0000000002751000 	/System/Library/PrivateFrameworks/CommonAuth.framework/Versions/A/CommonAuth
0x0000000002751000 	/System/Library/Frameworks/OpenDirectory.framework/Versions/A/Frameworks/CFOpenDirectory.framework/Versions/A/CFOpenDirectory
0x0000000002751000 	/System/Library/Frameworks/SecurityFoundation.framework/Versions/A/SecurityFoundation
0x0000000002751000 	/System/Library/PrivateFrameworks/LanguageModeling.framework/Versions/A/LanguageModeling
0x0000000002751000 	/usr/lib/libmarisa.dylib
0x0000000002751000 	/usr/lib/libChineseTokenizer.dylib
0x0000000002751000 	/usr/lib/libcmph.dylib
0x0000000002751000 	/usr/lib/libcompression.dylib
0x0000000002751000 	/System/Library/Frameworks/ServiceManagement.framework/Versions/A/ServiceManagement
0x0000000002751000 	/usr/lib/libxslt.1.dylib
0x0000000002751000 	/System/Library/Frameworks/Carbon.framework/Versions/A/Frameworks/Ink.framework/Versions/A/Ink
0x0000000002751000 	/usr/lib/libFosl_dynamic.dylib
0x0000000002751000 	/System/Library/PrivateFrameworks/FaceCore.framework/Versions/A/FaceCore
0x0000000002751000 	/System/Library/Frameworks/OpenCL.framework/Versions/A/OpenCL
0x0000000002751000 	/System/Library/PrivateFrameworks/CrashReporterSupport.framework/Versions/A/CrashReporterSupport
0x0000000002751000 	/System/Library/PrivateFrameworks/IconServices.framework/Versions/A/IconServices
0x0000000002751000 	/System/Library/PrivateFrameworks/Apple80211.framework/Versions/A/Apple80211
0x0000000002751000 	/System/Library/Frameworks/CoreWLAN.framework/Versions/A/CoreWLAN
0x0000000002751000 	/System/Library/Frameworks/IOBluetooth.framework/Versions/A/IOBluetooth
0x0000000002751000 	/System/Library/PrivateFrameworks/CoreWiFi.framework/Versions/A/CoreWiFi
0x0000000002751000 	/System/Library/Frameworks/CoreBluetooth.framework/Versions/A/CoreBluetooth
0x0000000002751000 	/System/Library/PrivateFrameworks/ChunkingLibrary.framework/Versions/A/ChunkingLibrary
0x0000000002751000 	/System/Library/PrivateFrameworks/DebugSymbols.framework/Versions/A/DebugSymbols
0x0000000002751000 	/System/Library/PrivateFrameworks/CoreSymbolication.framework/Versions/A/CoreSymbolication
0x0000000002751000 	/System/Library/PrivateFrameworks/Symbolication.framework/Versions/A/Symbolication
0x0000000002751000 	/System/Library/PrivateFrameworks/SpeechRecognitionCore.framework/Versions/A/SpeechRecognitionCore
0x0000000101800000 	/Library/Java/JavaVirtualMachines/jdk1.8.0_25.jdk/Contents/Home/jre/lib/server/libjvm.dylib
0x0000000002751000 	/usr/lib/libstdc++.6.dylib
0x0000000100fca000 	/Library/Java/JavaVirtualMachines/jdk1.8.0_25.jdk/Contents/Home/jre/lib/libverify.dylib
0x000000010271c000 	/Library/Java/JavaVirtualMachines/jdk1.8.0_25.jdk/Contents/Home/jre/lib/libjava.dylib
0x0000000100fe2000 	/Library/Java/JavaVirtualMachines/jdk1.8.0_25.jdk/Contents/Home/jre/lib/libzip.dylib
0x0000000115b32000 	/System/Library/Frameworks/JavaVM.framework/Frameworks/JavaRuntimeSupport.framework/JavaRuntimeSupport
0x0000000115b4d000 	/System/Library/Frameworks/JavaVM.framework/Versions/A/Frameworks/JavaNativeFoundation.framework/Versions/A/JavaNativeFoundation
0x0000000115b62000 	/System/Library/Frameworks/JavaVM.framework/Versions/A/JavaVM
0x0000000002751000 	/System/Library/Frameworks/Carbon.framework/Versions/A/Carbon
0x0000000115b6f000 	/System/Library/PrivateFrameworks/JavaLaunching.framework/Versions/A/JavaLaunching
0x0000000002751000 	/System/Library/Frameworks/Carbon.framework/Versions/A/Frameworks/CommonPanels.framework/Versions/A/CommonPanels
0x0000000002751000 	/System/Library/Frameworks/Carbon.framework/Versions/A/Frameworks/Help.framework/Versions/A/Help
0x0000000002751000 	/System/Library/Frameworks/Carbon.framework/Versions/A/Frameworks/ImageCapture.framework/Versions/A/ImageCapture
0x0000000002751000 	/System/Library/Frameworks/Carbon.framework/Versions/A/Frameworks/OpenScripting.framework/Versions/A/OpenScripting
0x0000000002751000 	/System/Library/Frameworks/Carbon.framework/Versions/A/Frameworks/Print.framework/Versions/A/Print
0x0000000002751000 	/System/Library/Frameworks/Carbon.framework/Versions/A/Frameworks/SecurityHI.framework/Versions/A/SecurityHI
0x000000011751f000 	/Library/Java/JavaVirtualMachines/jdk1.8.0_25.jdk/Contents/Home/jre/lib/libprism_es2.dylib
0x0000000002751000 	/System/Library/Frameworks/OpenGL.framework/Versions/A/Resources/GLEngine.bundle/GLEngine
0x0000000002751000 	/System/Library/Frameworks/OpenGL.framework/Versions/A/Libraries/libGLProgrammability.dylib
0x00000001175a0000 	/System/Library/Extensions/AppleIntelHD5000GraphicsGLDriver.bundle/Contents/MacOS/AppleIntelHD5000GraphicsGLDriver
0x0000000002751000 	/System/Library/PrivateFrameworks/GPUSupport.framework/Versions/A/Libraries/libGPUSupportMercury.dylib
0x0000000002751000 	/System/Library/Frameworks/OpenGL.framework/Versions/A/Resources/GLRendererFloat.bundle/GLRendererFloat
0x0000000002751000 	/System/Library/Frameworks/OpenCL.framework/Versions/A/Libraries/libcldcpuengine.dylib
0x0000000002751000 	/System/Library/PrivateFrameworks/DiskImages.framework/Versions/A/DiskImages
0x0000000002751000 	/System/Library/Frameworks/DiscRecording.framework/Versions/A/DiscRecording
0x0000000002751000 	/usr/lib/libcsfde.dylib
0x0000000002751000 	/usr/lib/libcurl.4.dylib
0x0000000002751000 	/System/Library/PrivateFrameworks/MediaKit.framework/Versions/A/MediaKit
0x0000000002751000 	/System/Library/PrivateFrameworks/ProtectedCloudStorage.framework/Versions/A/ProtectedCloudStorage
0x0000000002751000 	/usr/lib/libCoreStorage.dylib
0x0000000002751000 	/System/Library/PrivateFrameworks/EFILogin.framework/Versions/A/EFILogin
0x0000000002751000 	/usr/lib/libutil.dylib
0x0000000002751000 	/System/Library/PrivateFrameworks/FindMyDevice.framework/Versions/A/FindMyDevice
0x0000000002751000 	/System/Library/Frameworks/LDAP.framework/Versions/A/LDAP
0x0000000002751000 	/usr/lib/libsasl2.2.dylib
0x0000000002751000 	/System/Library/PrivateFrameworks/CoreDaemon.framework/Versions/B/CoreDaemon
0x0000000002751000 	/usr/lib/libcrypto.0.9.8.dylib
0x0000000002751000 	/System/Library/PrivateFrameworks/AppleSRP.framework/Versions/A/AppleSRP
0x0000000002751000 	/System/Library/PrivateFrameworks/TrustEvaluationAgent.framework/Versions/A/TrustEvaluationAgent
0x0000000118122000 	/Library/Java/JavaVirtualMachines/jdk1.8.0_25.jdk/Contents/Home/jre/lib/libglass.dylib
0x0000000002751000 	/System/Library/PrivateFrameworks/CoreServicesInternal.framework/Versions/A/CoreServicesInternal
0x0000000002751000 	/System/Library/CoreServices/RawCamera.bundle/Contents/MacOS/RawCamera
0x0000000002751000 	/System/Library/Frameworks/CoreGraphics.framework/Versions/A/Resources/libRIP.A.dylib
0x0000000002751000 	/System/Library/Frameworks/Accelerate.framework/Versions/A/Frameworks/vImage.framework/Versions/A/Libraries/libCGInterfaces.dylib
0x0000000002751000 	/System/Library/PrivateFrameworks/FamilyControls.framework/Versions/A/FamilyControls
0x0000000002751000 	/System/Library/PrivateFrameworks/CommerceKit.framework/Versions/A/Frameworks/CommerceCore.framework/Versions/A/CommerceCore
0x0000000002751000 	/System/Library/PrivateFrameworks/SystemAdministration.framework/Versions/A/SystemAdministration
0x0000000002751000 	/System/Library/PrivateFrameworks/AppContainer.framework/Versions/A/AppContainer
0x0000000002751000 	/System/Library/PrivateFrameworks/SecCodeWrapper.framework/Versions/A/SecCodeWrapper
0x0000000002751000 	/System/Library/Frameworks/DirectoryService.framework/Versions/A/DirectoryService
0x0000000002751000 	/System/Library/PrivateFrameworks/LoginUIKit.framework/Versions/A/Frameworks/LoginUICore.framework/Versions/A/LoginUICore
0x0000000002751000 	/usr/lib/libodfde.dylib
0x000000011a7cf000 	/Library/Java/JavaVirtualMachines/jdk1.8.0_25.jdk/Contents/Home/jre/lib/libjavafx_font.dylib
0x0000000002751000 	/System/Library/Frameworks/CoreGraphics.framework/Versions/A/Resources/libCGXType.A.dylib
0x000000011c525000 	cl_kernels
0x0000000002751000 	/System/Library/Frameworks/OpenCL.framework/Versions/A/Libraries/ImageFormats/unorm8_bgra.dylib
0x0000000002751000 	/System/Library/Frameworks/OpenCL.framework/Versions/A/Libraries/ImageFormats/unorm8_rgba.dylib
0x000000011d700000 	/Library/Java/JavaVirtualMachines/jdk1.8.0_25.jdk/Contents/Home/jre/lib/libprism_common.dylib
0x000000011df86000 	/System/Library/Extensions/AppleIntelHD5000GraphicsMTLDriver.bundle/Contents/MacOS/AppleIntelHD5000GraphicsMTLDriver

VM Arguments:
jvm_args: -Dfile.encoding=UTF-8 
java_command: nl.Under_Koen.RubiksCube.Main
java_class_path (initial): /Users/gebruiker/Rubik's Cube/bin:/Users/gebruiker/Desktop/Eclipse.app/Contents/Eclipse/plugins/org.eclipse.fx.ide.css.jfx8_2.3.0.201603030809.jar
Launcher Type: SUN_STANDARD

Environment Variables:
PATH=/usr/bin:/bin:/usr/sbin:/sbin
SHELL=/bin/bash
DISPLAY=/private/tmp/com.apple.launchd.Nk3s8t8R5E/org.macosforge.xquartz:0

Signal Handlers:
SIGSEGV: [libjvm.dylib+0x579dc7], sa_mask[0]=11111111011111110111111111111111, sa_flags=SA_ONSTACK|SA_RESTART|SA_SIGINFO
SIGBUS: [libjvm.dylib+0x579dc7], sa_mask[0]=11111111011111110111111111111111, sa_flags=SA_RESTART|SA_SIGINFO
SIGFPE: [libjvm.dylib+0x45b030], sa_mask[0]=11111111011111110111111111111111, sa_flags=SA_RESTART|SA_SIGINFO
SIGPIPE: [libjvm.dylib+0x45b030], sa_mask[0]=11111111011111110111111111111111, sa_flags=SA_RESTART|SA_SIGINFO
SIGXFSZ: [libjvm.dylib+0x45b030], sa_mask[0]=11111111011111110111111111111111, sa_flags=SA_RESTART|SA_SIGINFO
SIGILL: [libjvm.dylib+0x45b030], sa_mask[0]=11111111011111110111111111111111, sa_flags=SA_RESTART|SA_SIGINFO
SIGUSR1: SIG_DFL, sa_mask[0]=00000000000000000000000000000000, sa_flags=none
SIGUSR2: [libjvm.dylib+0x45ab4e], sa_mask[0]=00100000000000000000000000000000, sa_flags=SA_RESTART|SA_SIGINFO
SIGHUP: [libjvm.dylib+0x459121], sa_mask[0]=11111111011111110111111111111111, sa_flags=SA_RESTART|SA_SIGINFO
SIGINT: [libjvm.dylib+0x459121], sa_mask[0]=11111111011111110111111111111111, sa_flags=SA_RESTART|SA_SIGINFO
SIGTERM: [libjvm.dylib+0x459121], sa_mask[0]=11111111011111110111111111111111, sa_flags=SA_RESTART|SA_SIGINFO
SIGQUIT: [libjvm.dylib+0x459121], sa_mask[0]=11111111011111110111111111111111, sa_flags=SA_RESTART|SA_SIGINFO


---------------  S Y S T E M  ---------------

OS:Bsduname:Darwin 15.4.0 Darwin Kernel Version 15.4.0: Fri Feb 26 22:08:05 PST 2016; root:xnu-3248.40.184~3/RELEASE_X86_64 x86_64
rlimit: STACK 8192k, CORE 0k, NPROC 709, NOFILE 10240, AS infinity
load average:2.09 1.67 1.59

CPU:total 4 (2 cores per cpu, 2 threads per core) family 6 model 69 stepping 1, cmov, cx8, fxsr, mmx, sse, sse2, sse3, ssse3, sse4.1, sse4.2, popcnt, avx, avx2, aes, clmul, erms, lzcnt, ht, tsc, tscinvbit, bmi1, bmi2

Memory: 4k page, physical 4194304k(56856k free)

/proc/meminfo:


vm_info: Java HotSpot(TM) 64-Bit Server VM (25.25-b02) for bsd-amd64 JRE (1.8.0_25-b17), built on Sep 17 2014 16:56:50 by "java_re" with gcc 4.2.1 (Based on Apple Inc. build 5658) (LLVM build 2336.11.00)

time: Mon Jun 13 20:23:43 2016
elapsed time: 41 seconds (0d 0h 0m 41s)

